2024-11-20 12:11:10,164 | [1;44mINFO[1;0m | {u'h2': 0, u's2': 3, u's1': 4, u'h1': 1, u's5': 5, u's4': 6, u's3': 2}
2024-11-20 12:11:10,165 | [1;44mINFO[1;0m | table add send set_nh 6 => 4 3e:57:d8:f7:12:95 62:b7:09:d0:e0:24
2024-11-20 12:11:10,166 | [1;44mINFO[1;0m | table add send set_nh 1 => 1 00:01:0a:00:01:01 00:00:0a:00:01:01
2024-11-20 12:11:10,167 | [1;44mINFO[1;0m | table add send set_nh 2 => 3 e2:b6:70:a8:48:7b 22:91:ef:a6:da:84
2024-11-20 12:11:10,168 | [1;44mINFO[1;0m | table add send set_nh 3 => 2 06:7b:d5:4a:f3:15 f2:70:b8:f6:63:5d
2024-11-20 12:11:10,169 | [1;44mINFO[1;0m | do_register_write switch_ip 0 3368601601
2024-11-20 12:11:10,169 | [1;44mINFO[1;0m | do_register_write threshold_registers 0 31
2024-11-20 12:11:10,169 | [1;44mINFO[1;0m | do_register_write threshold_registers 1 31
2024-11-20 12:11:10,170 | [1;44mINFO[1;0m | do_register_write threshold_registers 2 31
2024-11-20 12:11:10,170 | [1;44mINFO[1;0m | do_register_write threshold_registers 3 31
2024-11-20 12:11:10,170 | [1;44mINFO[1;0m | meta_fwtable set_meta 10.0.5.2/24 0 => 0 1 3
2024-11-20 12:11:10,171 | [1;44mINFO[1;0m | do_register_write next_hops_port 0 3
2024-11-20 12:11:10,171 | [1;44mINFO[1;0m | do_register_write next_hops_port 1 2
2024-11-20 12:11:10,173 | [1;44mINFO[1;0m | do_register_write next_hops_port 2 6
2024-11-20 12:11:10,173 | [1;44mINFO[1;0m | meta_fwtable set_meta 10.0.5.2/24 1 => 1 1 3
2024-11-20 12:11:10,174 | [1;44mINFO[1;0m | do_register_write next_hops_port 3 3
2024-11-20 12:11:10,174 | [1;44mINFO[1;0m | do_register_write next_hops_port 4 2
2024-11-20 12:11:10,175 | [1;44mINFO[1;0m | do_register_write next_hops_port 5 6
2024-11-20 12:11:10,175 | [1;44mINFO[1;0m | meta_fwtable set_meta 10.0.1.1/24 0 => 2 0 1
2024-11-20 12:11:10,176 | [1;44mINFO[1;0m | do_register_write next_hops_port 6 1
2024-11-20 12:11:10,176 | [1;44mINFO[1;0m | meta_fwtable set_meta 10.0.1.1/24 1 => 3 0 1
2024-11-20 12:11:10,177 | [1;44mINFO[1;0m | do_register_write next_hops_port 9 1
2024-11-20 12:11:10,177 | [1;44mINFO[1;0m | bgp_tag set_bgp_tag 4 62:b7:09:d0:e0:24 => 0
2024-11-20 12:11:10,178 | [1;44mINFO[1;0m | bgp_tag set_bgp_tag 3 22:91:ef:a6:da:84 => 0
2024-11-20 12:11:10,179 | [1;44mINFO[1;0m | bgp_tag set_bgp_tag 2 f2:70:b8:f6:63:5d => 0
