2024-11-20 12:11:10,419 | [1;44mINFO[1;0m | {u'h2': 0, u's2': 3, u's1': 4, u'h1': 1, u's5': 5, u's4': 6, u's3': 2}
2024-11-20 12:11:10,428 | [1;44mINFO[1;0m | table add send set_nh 3 => 1 f2:bf:df:a7:23:fc 8a:96:e5:cc:af:d6
2024-11-20 12:11:10,586 | [1;44mINFO[1;0m | table add send set_nh 6 => 3 aa:f7:af:92:76:d8 12:c0:65:13:dd:7d
2024-11-20 12:11:10,587 | [1;44mINFO[1;0m | table add send set_nh 2 => 2 2a:f4:6a:9e:f2:6d 4e:4a:16:8b:8f:dc
2024-11-20 12:11:10,587 | [1;44mINFO[1;0m | table add send set_nh 0 => 4 00:01:0a:00:05:02 00:00:0a:00:05:02
2024-11-20 12:11:10,588 | [1;44mINFO[1;0m | do_register_write switch_ip 0 3368601605
2024-11-20 12:11:10,589 | [1;44mINFO[1;0m | do_register_write threshold_registers 0 31
2024-11-20 12:11:10,589 | [1;44mINFO[1;0m | do_register_write threshold_registers 1 31
2024-11-20 12:11:10,590 | [1;44mINFO[1;0m | do_register_write threshold_registers 2 31
2024-11-20 12:11:10,590 | [1;44mINFO[1;0m | do_register_write threshold_registers 3 31
2024-11-20 12:11:10,591 | [1;44mINFO[1;0m | meta_fwtable set_meta 10.0.5.2/24 0 => 0 0 0
2024-11-20 12:11:10,592 | [1;44mINFO[1;0m | do_register_write next_hops_port 0 0
2024-11-20 12:11:10,593 | [1;44mINFO[1;0m | meta_fwtable set_meta 10.0.5.2/24 1 => 1 0 0
2024-11-20 12:11:10,594 | [1;44mINFO[1;0m | do_register_write next_hops_port 3 0
2024-11-20 12:11:10,595 | [1;44mINFO[1;0m | meta_fwtable set_meta 10.0.1.1/24 0 => 2 0 6
2024-11-20 12:11:10,596 | [1;44mINFO[1;0m | do_register_write next_hops_port 6 6
2024-11-20 12:11:10,597 | [1;44mINFO[1;0m | meta_fwtable set_meta 10.0.1.1/24 1 => 3 0 6
2024-11-20 12:11:10,598 | [1;44mINFO[1;0m | do_register_write next_hops_port 9 6
2024-11-20 12:11:10,599 | [1;44mINFO[1;0m | bgp_tag set_bgp_tag 1 8a:96:e5:cc:af:d6 => 0
2024-11-20 12:11:10,600 | [1;44mINFO[1;0m | bgp_tag set_bgp_tag 3 12:c0:65:13:dd:7d => 0
2024-11-20 12:11:10,601 | [1;44mINFO[1;0m | bgp_tag set_bgp_tag 2 4e:4a:16:8b:8f:dc => 0
